<?xml version="1.0" encoding="UTF-8"?>
<!-- Generated by org.testng.reporters.JUnitXMLReporter -->
<testsuite ignored="0" hostname="PQA-0591LT" failures="1" tests="1" name="Test" time="7.941" errors="0" timestamp="2023-08-15T11:51:44 EDT">
  <testcase classname="myprograms.LearnExtentReports" name="NavigateTOObsqura" time="7.6">
    <failure type="java.lang.AssertionError" message="null">
      <![CDATA[java.lang.AssertionError: null
at myprograms.LearnExtentReports.NavigateTOObsqura(LearnExtentReports.java:41)
at java.base/java.util.ArrayList.forEach(ArrayList.java:1511)
... Removed 29 stack frames]]>
    </failure>
  </testcase> <!-- NavigateTOObsqura -->
</testsuite> <!-- Test -->
